<?xml version="1.0" encoding="UTF-8"?>
<testsuite xmlns:xsi="http://www.w3.org/2001/XMLSchema-instance" xsi:noNamespaceSchemaLocation="https://maven.apache.org/surefire/maven-surefire-plugin/xsd/surefire-test-report-3.0.xsd" version="3.0" name="examples.ExamplesTest" time="5.859" tests="1" errors="0" skipped="0" failures="1">
  <properties>
[...]
</properties>
  <testcase name="testParallel" classname="examples.ExamplesTest" time="5.831">
    <failure message="status code was: 404, expected: 200, response time in milliseconds: 959, url: https://reqres.in/dev/api/users?page=2, response: &#10;&lt;!DOCTYPE html&gt;&#10;&lt;html lang=&quot;en&quot;&gt;&#10;    &lt;head&gt;&#10;        &lt;!-- Google Tag Manager --&gt;&#10;        &lt;script&gt;&#10;            ;(function (w, d, s, l, i) {&#10;                w[l] = w[l] || []&#10;                w[l].push({&#10;                    &apos;gtm.start&apos;: new Date().getTime(),&#10;                    event: &apos;gtm.js&apos;,&#10;                })&#10;                var f = d.getElementsByTagName(s)[0],&#10;                    j = d.createElement(s),&#10;                    dl = l != &apos;dataLayer&apos; ? &apos;&amp;l=&apos; + l : &apos;&apos;&#10;                j.async = true&#10;                j.src = &apos;https://www.googletagmanager.com/gtm.js?id=&apos; + i + dl&#10;                f.parentNode.insertBefore(j, f)&#10;            })(window, document, &apos;script&apos;, &apos;dataLayer&apos;, &apos;GTM-KB622KF&apos;)&#10;        &lt;/script&gt;&#10;        &lt;!-- End Google Tag Manager --&gt;&#10;        &lt;script src=&quot;https://js.stripe.com/v3/&quot;&gt;&lt;/script&gt;&#10;        &lt;meta charset=&quot;utf-8&quot; /&gt;&#10;        &lt;meta&#10;            name=&quot;viewport&quot;&#10;            content=&quot;width=device-width, initial-scale=1.0, maximum-scale=1.0&quot;&#10;        /&gt;&#10;        &lt;meta&#10;            name=&quot;description&quot;&#10;            content=&quot;A hosted REST-API ready to respond to your AJAX requests&quot;&#10;        /&gt;&#10;        &lt;title&gt;&#10;            Reqres - A hosted REST-API ready to respond to your AJAX requests&#10;        &lt;/title&gt;&#10;        &lt;link&#10;            href=&quot;//maxcdn.bootstrapcdn.com/font-awesome/4.2.0/css/font-awesome.min.css&quot;&#10;            rel=&quot;stylesheet&quot;&#10;        /&gt;&#10;&#10;        &lt;link rel=&quot;stylesheet&quot; href=&quot;/css/app.css&quot; /&gt;&#10;        &lt;script&#10;            type=&quot;text/javascript&quot;&#10;            src=&quot;//m.servedby-buysellads.com/monetization.custom.js&quot;&#10;        &gt;&lt;/script&gt;&#10;    &lt;/head&gt;&#10;    &lt;body&gt;&#10;        &lt;div class=&quot;header-content&quot;&gt;&#10;            &lt;header class=&quot;main-header&quot;&gt;&#10;                &lt;section class=&quot;wrap&quot;&gt;&#10;                    &lt;h1 class=&quot;logo&quot;&gt;&#10;                        &lt;a href=&quot;/&quot;&gt;&lt;img src=&quot;/img/logo.png&quot; alt=&quot;&quot; /&gt;&lt;/a&gt;&#10;                    &lt;/h1&gt;&#10;                &lt;/section&gt;&#10;            &lt;/header&gt;&#10;            &lt;main class=&quot;the-sell&quot;&gt;&#10;                &lt;div class=&quot;wrap&quot;&gt;&#10;                    &lt;h2 class=&quot;tagline&quot;&gt;&#10;                        Test your front-end against a real API&#10;                    &lt;/h2&gt;&#10;                    &lt;section class=&quot;key-sells&quot;&gt;&#10;                        &lt;div class=&quot;sell&quot;&gt;&#10;                            &lt;div class=&quot;v-center&quot;&gt;&#10;                                &lt;h3&gt;Fake data&lt;/h3&gt;&#10;                                &lt;p&gt;&#10;                                    No more tedious sample data creation, we&apos;ve&#10;                                    got it covered.&#10;                                &lt;/p&gt;&#10;                            &lt;/div&gt;&#10;                            &lt;i class=&quot;fa fa-cloud-download&quot;&gt;&lt;/i&gt;&#10;                        &lt;/div&gt;&#10;                        &lt;div class=&quot;sell&quot;&gt;&#10;                            &lt;div class=&quot;v-center&quot;&gt;&#10;                                &lt;h3&gt;Real responses&lt;/h3&gt;&#10;                                &lt;p&gt;&#10;                                    Develop with real response codes. GET, POST,&#10;                                    PUT &amp;amp; DELETE supported.&#10;                                &lt;/p&gt;&#10;                            &lt;/div&gt;&#10;                            &lt;i class=&quot;fa fa-code&quot;&gt;&lt;/i&gt;&#10;                        &lt;/div&gt;&#10;                        &lt;div class=&quot;sell&quot;&gt;&#10;                            &lt;div class=&quot;v-center&quot;&gt;&#10;                                &lt;h3&gt;Always-on&lt;/h3&gt;&#10;                                &lt;p&gt;&#10;                                    24/7 &lt;strong&gt;&lt;em&gt;free&lt;/em&gt;&lt;/strong&gt; access&#10;                                    in your development phases. Go nuts.&#10;                                &lt;/p&gt;&#10;                            &lt;/div&gt;&#10;                            &lt;i class=&quot;fa fa-toggle-on&quot;&gt;&lt;/i&gt;&#10;                        &lt;/div&gt;&#10;                    &lt;/section&gt;&#10;                    &lt;h2 class=&quot;tagline&quot;&gt;&#10;                        A hosted REST-API ready to respond to your AJAX&#10;                        requests.&#10;                    &lt;/h2&gt;&#10;                    &lt;div class=&quot;t-center main-arrow&quot;&gt;&#10;                        &lt;i class=&quot;fa fa-arrow-circle-down&quot;&gt;&lt;/i&gt;&#10;                    &lt;/div&gt;&#10;                    &lt;script&#10;                        async&#10;                        type=&quot;text/javascript&quot;&#10;                        src=&quot;//cdn.carbonads.com/carbon.js?serve=CE7D6K3E&amp;placement=reqresin&quot;&#10;                        id=&quot;_carbonads_js&quot;&#10;                    &gt;&lt;/script&gt;&#10;                &lt;/div&gt;&#10;            &lt;/main&gt;&#10;        &lt;/div&gt;&#10;        &lt;div class=&quot;container&quot;&gt;404&lt;/div&gt;&#10;        &lt;footer&gt;&#10;            &lt;div class=&quot;wrap&quot;&gt;&#10;                &lt;hr class=&quot;dark&quot; /&gt;&#10;                &lt;p class=&quot;t-center&quot;&gt;&#10;                    Made for developers and designers by&#10;                    &lt;a href=&quot;https://benhowdle.im&quot;&gt;Ben Howdle&lt;/a&gt;&#10;                &lt;/p&gt;&#10;            &lt;/div&gt;&#10;        &lt;/footer&gt;&#10;        &lt;script type=&quot;text/javascript&quot; src=&quot;https://cdnjs.cloudflare.com/ajax/libs/fastclick/1.0.3/fastclick.min.js&quot;&gt;&lt;/script&gt;&#10;        &lt;script src=&quot;/js/app.js&quot;&gt;&lt;/script&gt;&#10;        &lt;!-- Global site tag (gtag.js) - Google Analytics --&gt;&#10;        &lt;script&#10;            async&#10;            src=&quot;https://www.googletagmanager.com/gtag/js?id=UA-174008107-1&quot;&#10;        &gt;&lt;/script&gt;&#10;        &lt;script&gt;&#10;            window.dataLayer = window.dataLayer || []&#10;            function gtag() {&#10;                dataLayer.push(arguments)&#10;            }&#10;            gtag(&apos;js&apos;, new Date())&#10;&#10;            gtag(&apos;config&apos;, &apos;UA-174008107-1&apos;)&#10;        &lt;/script&gt;&#10;        &lt;script&gt;&#10;            ;(function (i, s, o, g, r, a, m) {&#10;                i[&apos;GoogleAnalyticsObject&apos;] = r&#10;                ;(i[r] =&#10;                    i[r] ||&#10;                    function () {&#10;                        ;(i[r].q = i[r].q || []).push(arguments)&#10;                    }),&#10;                    (i[r].l = 1 * new Date())&#10;                ;(a = s.createElement(o)), (m = s.getElementsByTagName(o)[0])&#10;                a.async = 1&#10;                a.src = g&#10;                m.parentNode.insertBefore(a, m)&#10;            })(&#10;                window,&#10;                document,&#10;                &apos;script&apos;,&#10;                &apos;//www.google-analytics.com/analytics.js&apos;,&#10;                &apos;ga&apos;&#10;            )&#10;&#10;            ga(&apos;create&apos;, &apos;UA-55888877-1&apos;, &apos;auto&apos;)&#10;            ga(&apos;send&apos;, &apos;pageview&apos;)&#10;        &lt;/script&gt;&#10;        &lt;script&gt;&#10;            ;(function () {&#10;                if (typeof _bsa !== &apos;undefined&apos; &amp;&amp; _bsa) {&#10;                    _bsa.init(&#10;                        &apos;custom&apos;,&#10;                        &apos;CEBIP53J&apos;,&#10;                        &apos;placement:reqresin-sponsor&apos;,&#10;                        {&#10;                            target: &apos;#impeccable-js&apos;,&#10;                            template: `&#10;        &lt;a href=&quot;##link##&quot; rel=&quot;sponsored noopener&quot; target=&quot;_blank&quot; title=&quot;##company## — ##tagline##&quot;&gt;&#10;        &lt;img src=&quot;##logo##&quot; style=&quot;background-color: ##backgroundColor##&quot;&gt;&#10;        &lt;div class=&quot;sponsor-description&quot;&gt;##description##&lt;/div&gt;&#10;        &lt;div class=&quot;sponsor-cta&quot; style=&quot;background-color: ##backgroundColor##; color: ##textColor##&quot;&gt;##callToAction##&lt;/div&gt;&#10;        &lt;/a&gt;&#10;        `,&#10;                        }&#10;                    )&#10;                }&#10;            })()&#10;        &lt;/script&gt;&#10;    &lt;/body&gt;&#10;&lt;/html&gt;&#10;&#10;classpath:examples/demo/firstKarate.feature:32&#10;classpath:examples/demo/firstKarate.feature:12&#10;status code was: 404, expected: 200, response time in milliseconds: 959, url: https://reqres.in/dev/api/users?page=2, response: &#10;&lt;!DOCTYPE html&gt;&#10;&lt;html lang=&quot;en&quot;&gt;&#10;    &lt;head&gt;&#10;        &lt;!-- Google Tag Manager --&gt;&#10;        &lt;script&gt;&#10;            ;(function (w, d, s, l, i) {&#10;                w[l] = w[l] || []&#10;                w[l].push({&#10;                    &apos;gtm.start&apos;: new Date().getTime(),&#10;                    event: &apos;gtm.js&apos;,&#10;                })&#10;                var f = d.getElementsByTagName(s)[0],&#10;                    j = d.createElement(s),&#10;                    dl = l != &apos;dataLayer&apos; ? &apos;&amp;l=&apos; + l : &apos;&apos;&#10;                j.async = true&#10;                j.src = &apos;https://www.googletagmanager.com/gtm.js?id=&apos; + i + dl&#10;                f.parentNode.insertBefore(j, f)&#10;            })(window, document, &apos;script&apos;, &apos;dataLayer&apos;, &apos;GTM-KB622KF&apos;)&#10;        &lt;/script&gt;&#10;        &lt;!-- End Google Tag Manager --&gt;&#10;        &lt;script src=&quot;https://js.stripe.com/v3/&quot;&gt;&lt;/script&gt;&#10;        &lt;meta charset=&quot;utf-8&quot; /&gt;&#10;        &lt;meta&#10;            name=&quot;viewport&quot;&#10;            content=&quot;width=device-width, initial-scale=1.0, maximum-scale=1.0&quot;&#10;        /&gt;&#10;        &lt;meta&#10;            name=&quot;description&quot;&#10;            content=&quot;A hosted REST-API ready to respond to your AJAX requests&quot;&#10;        /&gt;&#10;        &lt;title&gt;&#10;            Reqres - A hosted REST-API ready to respond to your AJAX requests&#10;        &lt;/title&gt;&#10;        &lt;link&#10;            href=&quot;//maxcdn.bootstrapcdn.com/font-awesome/4.2.0/css/font-awesome.min.css&quot;&#10;            rel=&quot;stylesheet&quot;&#10;        /&gt;&#10;&#10;        &lt;link rel=&quot;stylesheet&quot; href=&quot;/css/app.css&quot; /&gt;&#10;        &lt;script&#10;            type=&quot;text/javascript&quot;&#10;            src=&quot;//m.servedby-buysellads.com/monetization.custom.js&quot;&#10;        &gt;&lt;/script&gt;&#10;    &lt;/head&gt;&#10;    &lt;body&gt;&#10;        &lt;div class=&quot;header-content&quot;&gt;&#10;            &lt;header class=&quot;main-header&quot;&gt;&#10;                &lt;section class=&quot;wrap&quot;&gt;&#10;                    &lt;h1 class=&quot;logo&quot;&gt;&#10;                        &lt;a href=&quot;/&quot;&gt;&lt;img src=&quot;/img/logo.png&quot; alt=&quot;&quot; /&gt;&lt;/a&gt;&#10;                    &lt;/h1&gt;&#10;                &lt;/section&gt;&#10;            &lt;/header&gt;&#10;            &lt;main class=&quot;the-sell&quot;&gt;&#10;                &lt;div class=&quot;wrap&quot;&gt;&#10;                    &lt;h2 class=&quot;tagline&quot;&gt;&#10;                        Test your front-end against a real API&#10;                    &lt;/h2&gt;&#10;                    &lt;section class=&quot;key-sells&quot;&gt;&#10;                        &lt;div class=&quot;sell&quot;&gt;&#10;                            &lt;div class=&quot;v-center&quot;&gt;&#10;                                &lt;h3&gt;Fake data&lt;/h3&gt;&#10;                                &lt;p&gt;&#10;                                    No more tedious sample data creation, we&apos;ve&#10;                                    got it covered.&#10;                                &lt;/p&gt;&#10;                            &lt;/div&gt;&#10;                            &lt;i class=&quot;fa fa-cloud-download&quot;&gt;&lt;/i&gt;&#10;                        &lt;/div&gt;&#10;                        &lt;div class=&quot;sell&quot;&gt;&#10;                            &lt;div class=&quot;v-center&quot;&gt;&#10;                                &lt;h3&gt;Real responses&lt;/h3&gt;&#10;                                &lt;p&gt;&#10;                                    Develop with real response codes. GET, POST,&#10;                                    PUT &amp;amp; DELETE supported.&#10;                                &lt;/p&gt;&#10;                            &lt;/div&gt;&#10;                            &lt;i class=&quot;fa fa-code&quot;&gt;&lt;/i&gt;&#10;                        &lt;/div&gt;&#10;                        &lt;div class=&quot;sell&quot;&gt;&#10;                            &lt;div class=&quot;v-center&quot;&gt;&#10;                                &lt;h3&gt;Always-on&lt;/h3&gt;&#10;                                &lt;p&gt;&#10;                                    24/7 &lt;strong&gt;&lt;em&gt;free&lt;/em&gt;&lt;/strong&gt; access&#10;                                    in your development phases. Go nuts.&#10;                                &lt;/p&gt;&#10;                            &lt;/div&gt;&#10;                            &lt;i class=&quot;fa fa-toggle-on&quot;&gt;&lt;/i&gt;&#10;                        &lt;/div&gt;&#10;                    &lt;/section&gt;&#10;                    &lt;h2 class=&quot;tagline&quot;&gt;&#10;                        A hosted REST-API ready to respond to your AJAX&#10;                        requests.&#10;                    &lt;/h2&gt;&#10;                    &lt;div class=&quot;t-center main-arrow&quot;&gt;&#10;                        &lt;i class=&quot;fa fa-arrow-circle-down&quot;&gt;&lt;/i&gt;&#10;                    &lt;/div&gt;&#10;                    &lt;script&#10;                        async&#10;                        type=&quot;text/javascript&quot;&#10;                        src=&quot;//cdn.carbonads.com/carbon.js?serve=CE7D6K3E&amp;placement=reqresin&quot;&#10;                        id=&quot;_carbonads_js&quot;&#10;                    &gt;&lt;/script&gt;&#10;                &lt;/div&gt;&#10;            &lt;/main&gt;&#10;        &lt;/div&gt;&#10;        &lt;div class=&quot;container&quot;&gt;404&lt;/div&gt;&#10;        &lt;footer&gt;&#10;            &lt;div class=&quot;wrap&quot;&gt;&#10;                &lt;hr class=&quot;dark&quot; /&gt;&#10;                &lt;p class=&quot;t-center&quot;&gt;&#10;                    Made for developers and designers by&#10;                    &lt;a href=&quot;https://benhowdle.im&quot;&gt;Ben Howdle&lt;/a&gt;&#10;                &lt;/p&gt;&#10;            &lt;/div&gt;&#10;        &lt;/footer&gt;&#10;        &lt;script type=&quot;text/javascript&quot; src=&quot;https://cdnjs.cloudflare.com/ajax/libs/fastclick/1.0.3/fastclick.min.js&quot;&gt;&lt;/script&gt;&#10;        &lt;script src=&quot;/js/app.js&quot;&gt;&lt;/script&gt;&#10;        &lt;!-- Global site tag (gtag.js) - Google Analytics --&gt;&#10;        &lt;script&#10;            async&#10;            src=&quot;https://www.googletagmanager.com/gtag/js?id=UA-174008107-1&quot;&#10;        &gt;&lt;/script&gt;&#10;        &lt;script&gt;&#10;            window.dataLayer = window.dataLayer || []&#10;            function gtag() {&#10;                dataLayer.push(arguments)&#10;            }&#10;            gtag(&apos;js&apos;, new Date())&#10;&#10;            gtag(&apos;config&apos;, &apos;UA-174008107-1&apos;)&#10;        &lt;/script&gt;&#10;        &lt;script&gt;&#10;            ;(function (i, s, o, g, r, a, m) {&#10;                i[&apos;GoogleAnalyticsObject&apos;] = r&#10;                ;(i[r] =&#10;                    i[r] ||&#10;                    function () {&#10;                        ;(i[r].q = i[r].q || []).push(arguments)&#10;                    }),&#10;                    (i[r].l = 1 * new Date())&#10;                ;(a = s.createElement(o)), (m = s.getElementsByTagName(o)[0])&#10;                a.async = 1&#10;                a.src = g&#10;                m.parentNode.insertBefore(a, m)&#10;            })(&#10;                window,&#10;                document,&#10;                &apos;script&apos;,&#10;                &apos;//www.google-analytics.com/analytics.js&apos;,&#10;                &apos;ga&apos;&#10;            )&#10;&#10;            ga(&apos;create&apos;, &apos;UA-55888877-1&apos;, &apos;auto&apos;)&#10;            ga(&apos;send&apos;, &apos;pageview&apos;)&#10;        &lt;/script&gt;&#10;        &lt;script&gt;&#10;            ;(function () {&#10;                if (typeof _bsa !== &apos;undefined&apos; &amp;&amp; _bsa) {&#10;                    _bsa.init(&#10;                        &apos;custom&apos;,&#10;                        &apos;CEBIP53J&apos;,&#10;                        &apos;placement:reqresin-sponsor&apos;,&#10;                        {&#10;                            target: &apos;#impeccable-js&apos;,&#10;                            template: `&#10;        &lt;a href=&quot;##link##&quot; rel=&quot;sponsored noopener&quot; target=&quot;_blank&quot; title=&quot;##company## — ##tagline##&quot;&gt;&#10;        &lt;img src=&quot;##logo##&quot; style=&quot;background-color: ##backgroundColor##&quot;&gt;&#10;        &lt;div class=&quot;sponsor-description&quot;&gt;##description##&lt;/div&gt;&#10;        &lt;div class=&quot;sponsor-cta&quot; style=&quot;background-color: ##backgroundColor##; color: ##textColor##&quot;&gt;##callToAction##&lt;/div&gt;&#10;        &lt;/a&gt;&#10;        `,&#10;                        }&#10;                    )&#10;                }&#10;            })()&#10;        &lt;/script&gt;&#10;    &lt;/body&gt;&#10;&lt;/html&gt;&#10;&#10;classpath:examples/demo/firstKarate.feature:32&#10;classpath:examples/demo/firstKarate.feature:44&#10;status code was: 404, expected: 200, response time in milliseconds: 959, url: https://reqres.in/dev/api/users?page=2, response: &#10;&lt;!DOCTYPE html&gt;&#10;&lt;html lang=&quot;en&quot;&gt;&#10;    &lt;head&gt;&#10;        &lt;!-- Google Tag Manager --&gt;&#10;        &lt;script&gt;&#10;            ;(function (w, d, s, l, i) {&#10;                w[l] = w[l] || []&#10;                w[l].push({&#10;                    &apos;gtm.start&apos;: new Date().getTime(),&#10;                    event: &apos;gtm.js&apos;,&#10;                })&#10;                var f = d.getElementsByTagName(s)[0],&#10;                    j = d.createElement(s),&#10;                    dl = l != &apos;dataLayer&apos; ? &apos;&amp;l=&apos; + l : &apos;&apos;&#10;                j.async = true&#10;                j.src = &apos;https://www.googletagmanager.com/gtm.js?id=&apos; + i + dl&#10;                f.parentNode.insertBefore(j, f)&#10;            })(window, document, &apos;script&apos;, &apos;dataLayer&apos;, &apos;GTM-KB622KF&apos;)&#10;        &lt;/script&gt;&#10;        &lt;!-- End Google Tag Manager --&gt;&#10;        &lt;script src=&quot;https://js.stripe.com/v3/&quot;&gt;&lt;/script&gt;&#10;        &lt;meta charset=&quot;utf-8&quot; /&gt;&#10;        &lt;meta&#10;            name=&quot;viewport&quot;&#10;            content=&quot;width=device-width, initial-scale=1.0, maximum-scale=1.0&quot;&#10;        /&gt;&#10;        &lt;meta&#10;            name=&quot;description&quot;&#10;            content=&quot;A hosted REST-API ready to respond to your AJAX requests&quot;&#10;        /&gt;&#10;        &lt;title&gt;&#10;            Reqres - A hosted REST-API ready to respond to your AJAX requests&#10;        &lt;/title&gt;&#10;        &lt;link&#10;            href=&quot;//maxcdn.bootstrapcdn.com/font-awesome/4.2.0/css/font-awesome.min.css&quot;&#10;            rel=&quot;stylesheet&quot;&#10;        /&gt;&#10;&#10;        &lt;link rel=&quot;stylesheet&quot; href=&quot;/css/app.css&quot; /&gt;&#10;        &lt;script&#10;            type=&quot;text/javascript&quot;&#10;            src=&quot;//m.servedby-buysellads.com/monetization.custom.js&quot;&#10;        &gt;&lt;/script&gt;&#10;    &lt;/head&gt;&#10;    &lt;body&gt;&#10;        &lt;div class=&quot;header-content&quot;&gt;&#10;            &lt;header class=&quot;main-header&quot;&gt;&#10;                &lt;section class=&quot;wrap&quot;&gt;&#10;                    &lt;h1 class=&quot;logo&quot;&gt;&#10;                        &lt;a href=&quot;/&quot;&gt;&lt;img src=&quot;/img/logo.png&quot; alt=&quot;&quot; /&gt;&lt;/a&gt;&#10;                    &lt;/h1&gt;&#10;                &lt;/section&gt;&#10;            &lt;/header&gt;&#10;            &lt;main class=&quot;the-sell&quot;&gt;&#10;                &lt;div class=&quot;wrap&quot;&gt;&#10;                    &lt;h2 class=&quot;tagline&quot;&gt;&#10;                        Test your front-end against a real API&#10;                    &lt;/h2&gt;&#10;                    &lt;section class=&quot;key-sells&quot;&gt;&#10;                        &lt;div class=&quot;sell&quot;&gt;&#10;                            &lt;div class=&quot;v-center&quot;&gt;&#10;                                &lt;h3&gt;Fake data&lt;/h3&gt;&#10;                                &lt;p&gt;&#10;                                    No more tedious sample data creation, we&apos;ve&#10;                                    got it covered.&#10;                                &lt;/p&gt;&#10;                            &lt;/div&gt;&#10;                            &lt;i class=&quot;fa fa-cloud-download&quot;&gt;&lt;/i&gt;&#10;                        &lt;/div&gt;&#10;                        &lt;div class=&quot;sell&quot;&gt;&#10;                            &lt;div class=&quot;v-center&quot;&gt;&#10;                                &lt;h3&gt;Real responses&lt;/h3&gt;&#10;                                &lt;p&gt;&#10;                                    Develop with real response codes. GET, POST,&#10;                                    PUT &amp;amp; DELETE supported.&#10;                                &lt;/p&gt;&#10;                            &lt;/div&gt;&#10;                            &lt;i class=&quot;fa fa-code&quot;&gt;&lt;/i&gt;&#10;                        &lt;/div&gt;&#10;                        &lt;div class=&quot;sell&quot;&gt;&#10;                            &lt;div class=&quot;v-center&quot;&gt;&#10;                                &lt;h3&gt;Always-on&lt;/h3&gt;&#10;                                &lt;p&gt;&#10;                                    24/7 &lt;strong&gt;&lt;em&gt;free&lt;/em&gt;&lt;/strong&gt; access&#10;                                    in your development phases. Go nuts.&#10;                                &lt;/p&gt;&#10;                            &lt;/div&gt;&#10;                            &lt;i class=&quot;fa fa-toggle-on&quot;&gt;&lt;/i&gt;&#10;                        &lt;/div&gt;&#10;                    &lt;/section&gt;&#10;                    &lt;h2 class=&quot;tagline&quot;&gt;&#10;                        A hosted REST-API ready to respond to your AJAX&#10;                        requests.&#10;                    &lt;/h2&gt;&#10;                    &lt;div class=&quot;t-center main-arrow&quot;&gt;&#10;                        &lt;i class=&quot;fa fa-arrow-circle-down&quot;&gt;&lt;/i&gt;&#10;                    &lt;/div&gt;&#10;                    &lt;script&#10;                        async&#10;                        type=&quot;text/javascript&quot;&#10;                        src=&quot;//cdn.carbonads.com/carbon.js?serve=CE7D6K3E&amp;placement=reqresin&quot;&#10;                        id=&quot;_carbonads_js&quot;&#10;                    &gt;&lt;/script&gt;&#10;                &lt;/div&gt;&#10;            &lt;/main&gt;&#10;        &lt;/div&gt;&#10;        &lt;div class=&quot;container&quot;&gt;404&lt;/div&gt;&#10;        &lt;footer&gt;&#10;            &lt;div class=&quot;wrap&quot;&gt;&#10;                &lt;hr class=&quot;dark&quot; /&gt;&#10;                &lt;p class=&quot;t-center&quot;&gt;&#10;                    Made for developers and designers by&#10;                    &lt;a href=&quot;https://benhowdle.im&quot;&gt;Ben Howdle&lt;/a&gt;&#10;                &lt;/p&gt;&#10;            &lt;/div&gt;&#10;        &lt;/footer&gt;&#10;        &lt;script type=&quot;text/javascript&quot; src=&quot;https://cdnjs.cloudflare.com/ajax/libs/fastclick/1.0.3/fastclick.min.js&quot;&gt;&lt;/script&gt;&#10;        &lt;script src=&quot;/js/app.js&quot;&gt;&lt;/script&gt;&#10;        &lt;!-- Global site tag (gtag.js) - Google Analytics --&gt;&#10;        &lt;script&#10;            async&#10;            src=&quot;https://www.googletagmanager.com/gtag/js?id=UA-174008107-1&quot;&#10;        &gt;&lt;/script&gt;&#10;        &lt;script&gt;&#10;            window.dataLayer = window.dataLayer || []&#10;            function gtag() {&#10;                dataLayer.push(arguments)&#10;            }&#10;            gtag(&apos;js&apos;, new Date())&#10;&#10;            gtag(&apos;config&apos;, &apos;UA-174008107-1&apos;)&#10;        &lt;/script&gt;&#10;        &lt;script&gt;&#10;            ;(function (i, s, o, g, r, a, m) {&#10;                i[&apos;GoogleAnalyticsObject&apos;] = r&#10;                ;(i[r] =&#10;                    i[r] ||&#10;                    function () {&#10;                        ;(i[r].q = i[r].q || []).push(arguments)&#10;                    }),&#10;                    (i[r].l = 1 * new Date())&#10;                ;(a = s.createElement(o)), (m = s.getElementsByTagName(o)[0])&#10;                a.async = 1&#10;                a.src = g&#10;                m.parentNode.insertBefore(a, m)&#10;            })(&#10;                window,&#10;                document,&#10;                &apos;script&apos;,&#10;                &apos;//www.google-analytics.com/analytics.js&apos;,&#10;                &apos;ga&apos;&#10;            )&#10;&#10;            ga(&apos;create&apos;, &apos;UA-55888877-1&apos;, &apos;auto&apos;)&#10;            ga(&apos;send&apos;, &apos;pageview&apos;)&#10;        &lt;/script&gt;&#10;        &lt;script&gt;&#10;            ;(function () {&#10;                if (typeof _bsa !== &apos;undefined&apos; &amp;&amp; _bsa) {&#10;                    _bsa.init(&#10;                        &apos;custom&apos;,&#10;                        &apos;CEBIP53J&apos;,&#10;                        &apos;placement:reqresin-sponsor&apos;,&#10;                        {&#10;                            target: &apos;#impeccable-js&apos;,&#10;                            template: `&#10;        &lt;a href=&quot;##link##&quot; rel=&quot;sponsored noopener&quot; target=&quot;_blank&quot; title=&quot;##company## — ##tagline##&quot;&gt;&#10;        &lt;img src=&quot;##logo##&quot; style=&quot;background-color: ##backgroundColor##&quot;&gt;&#10;        &lt;div class=&quot;sponsor-description&quot;&gt;##description##&lt;/div&gt;&#10;        &lt;div class=&quot;sponsor-cta&quot; style=&quot;background-color: ##backgroundColor##; color: ##textColor##&quot;&gt;##callToAction##&lt;/div&gt;&#10;        &lt;/a&gt;&#10;        `,&#10;                        }&#10;                    )&#10;                }&#10;            })()&#10;        &lt;/script&gt;&#10;    &lt;/body&gt;&#10;&lt;/html&gt;&#10;&#10;classpath:examples/demo/firstKarate.feature:32&#10;classpath:examples/demo/firstKarate.feature:60 ==&gt; expected: &lt;0&gt; but was: &lt;3&gt;" type="org.opentest4j.AssertionFailedError"><![CDATA[org.opentest4j.AssertionFailedError: 
status code was: 404, expected: 200, response time in milliseconds: 959, url: https://reqres.in/dev/api/users?page=2, response: 
<!DOCTYPE html>
<html lang="en">
    <head>
        <!-- Google Tag Manager -->
        <script>
            ;(function (w, d, s, l, i) {
                w[l] = w[l] || []
                w[l].push({
                    'gtm.start': new Date().getTime(),
                    event: 'gtm.js',
                })
                var f = d.getElementsByTagName(s)[0],
                    j = d.createElement(s),
                    dl = l != 'dataLayer' ? '&l=' + l : ''
                j.async = true
                j.src = 'https://www.googletagmanager.com/gtm.js?id=' + i + dl
                f.parentNode.insertBefore(j, f)
            })(window, document, 'script', 'dataLayer', 'GTM-KB622KF')
        </script>
        <!-- End Google Tag Manager -->
        <script src="https://js.stripe.com/v3/"></script>
        <meta charset="utf-8" />
        <meta
            name="viewport"
            content="width=device-width, initial-scale=1.0, maximum-scale=1.0"
        />
        <meta
            name="description"
            content="A hosted REST-API ready to respond to your AJAX requests"
        />
        <title>
            Reqres - A hosted REST-API ready to respond to your AJAX requests
        </title>
        <link
            href="//maxcdn.bootstrapcdn.com/font-awesome/4.2.0/css/font-awesome.min.css"
            rel="stylesheet"
        />

        <link rel="stylesheet" href="/css/app.css" />
        <script
            type="text/javascript"
            src="//m.servedby-buysellads.com/monetization.custom.js"
        ></script>
    </head>
    <body>
        <div class="header-content">
            <header class="main-header">
                <section class="wrap">
                    <h1 class="logo">
                        <a href="/"><img src="/img/logo.png" alt="" /></a>
                    </h1>
                </section>
            </header>
            <main class="the-sell">
                <div class="wrap">
                    <h2 class="tagline">
                        Test your front-end against a real API
                    </h2>
                    <section class="key-sells">
                        <div class="sell">
                            <div class="v-center">
                                <h3>Fake data</h3>
                                <p>
                                    No more tedious sample data creation, we've
                                    got it covered.
                                </p>
                            </div>
                            <i class="fa fa-cloud-download"></i>
                        </div>
                        <div class="sell">
                            <div class="v-center">
                                <h3>Real responses</h3>
                                <p>
                                    Develop with real response codes. GET, POST,
                                    PUT &amp; DELETE supported.
                                </p>
                            </div>
                            <i class="fa fa-code"></i>
                        </div>
                        <div class="sell">
                            <div class="v-center">
                                <h3>Always-on</h3>
                                <p>
                                    24/7 <strong><em>free</em></strong> access
                                    in your development phases. Go nuts.
                                </p>
                            </div>
                            <i class="fa fa-toggle-on"></i>
                        </div>
                    </section>
                    <h2 class="tagline">
                        A hosted REST-API ready to respond to your AJAX
                        requests.
                    </h2>
                    <div class="t-center main-arrow">
                        <i class="fa fa-arrow-circle-down"></i>
                    </div>
                    <script
                        async
                        type="text/javascript"
                        src="//cdn.carbonads.com/carbon.js?serve=CE7D6K3E&placement=reqresin"
                        id="_carbonads_js"
                    ></script>
                </div>
            </main>
        </div>
        <div class="container">404</div>
        <footer>
            <div class="wrap">
                <hr class="dark" />
                <p class="t-center">
                    Made for developers and designers by
                    <a href="https://benhowdle.im">Ben Howdle</a>
                </p>
            </div>
        </footer>
        <script type="text/javascript" src="https://cdnjs.cloudflare.com/ajax/libs/fastclick/1.0.3/fastclick.min.js"></script>
        <script src="/js/app.js"></script>
        <!-- Global site tag (gtag.js) - Google Analytics -->
        <script
            async
            src="https://www.googletagmanager.com/gtag/js?id=UA-174008107-1"
        ></script>
        <script>
            window.dataLayer = window.dataLayer || []
            function gtag() {
                dataLayer.push(arguments)
            }
            gtag('js', new Date())

            gtag('config', 'UA-174008107-1')
        </script>
        <script>
            ;(function (i, s, o, g, r, a, m) {
                i['GoogleAnalyticsObject'] = r
                ;(i[r] =
                    i[r] ||
                    function () {
                        ;(i[r].q = i[r].q || []).push(arguments)
                    }),
                    (i[r].l = 1 * new Date())
                ;(a = s.createElement(o)), (m = s.getElementsByTagName(o)[0])
                a.async = 1
                a.src = g
                m.parentNode.insertBefore(a, m)
            })(
                window,
                document,
                'script',
                '//www.google-analytics.com/analytics.js',
                'ga'
            )

            ga('create', 'UA-55888877-1', 'auto')
            ga('send', 'pageview')
        </script>
        <script>
            ;(function () {
                if (typeof _bsa !== 'undefined' && _bsa) {
                    _bsa.init(
                        'custom',
                        'CEBIP53J',
                        'placement:reqresin-sponsor',
                        {
                            target: '#impeccable-js',
                            template: `
        <a href="##link##" rel="sponsored noopener" target="_blank" title="##company## — ##tagline##">
        <img src="##logo##" style="background-color: ##backgroundColor##">
        <div class="sponsor-description">##description##</div>
        <div class="sponsor-cta" style="background-color: ##backgroundColor##; color: ##textColor##">##callToAction##</div>
        </a>
        `,
                        }
                    )
                }
            })()
        </script>
    </body>
</html>

classpath:examples/demo/firstKarate.feature:32
classpath:examples/demo/firstKarate.feature:12
status code was: 404, expected: 200, response time in milliseconds: 959, url: https://reqres.in/dev/api/users?page=2, response: 
<!DOCTYPE html>
<html lang="en">
    <head>
        <!-- Google Tag Manager -->
        <script>
            ;(function (w, d, s, l, i) {
                w[l] = w[l] || []
                w[l].push({
                    'gtm.start': new Date().getTime(),
                    event: 'gtm.js',
                })
                var f = d.getElementsByTagName(s)[0],
                    j = d.createElement(s),
                    dl = l != 'dataLayer' ? '&l=' + l : ''
                j.async = true
                j.src = 'https://www.googletagmanager.com/gtm.js?id=' + i + dl
                f.parentNode.insertBefore(j, f)
            })(window, document, 'script', 'dataLayer', 'GTM-KB622KF')
        </script>
        <!-- End Google Tag Manager -->
        <script src="https://js.stripe.com/v3/"></script>
        <meta charset="utf-8" />
        <meta
            name="viewport"
            content="width=device-width, initial-scale=1.0, maximum-scale=1.0"
        />
        <meta
            name="description"
            content="A hosted REST-API ready to respond to your AJAX requests"
        />
        <title>
            Reqres - A hosted REST-API ready to respond to your AJAX requests
        </title>
        <link
            href="//maxcdn.bootstrapcdn.com/font-awesome/4.2.0/css/font-awesome.min.css"
            rel="stylesheet"
        />

        <link rel="stylesheet" href="/css/app.css" />
        <script
            type="text/javascript"
            src="//m.servedby-buysellads.com/monetization.custom.js"
        ></script>
    </head>
    <body>
        <div class="header-content">
            <header class="main-header">
                <section class="wrap">
                    <h1 class="logo">
                        <a href="/"><img src="/img/logo.png" alt="" /></a>
                    </h1>
                </section>
            </header>
            <main class="the-sell">
                <div class="wrap">
                    <h2 class="tagline">
                        Test your front-end against a real API
                    </h2>
                    <section class="key-sells">
                        <div class="sell">
                            <div class="v-center">
                                <h3>Fake data</h3>
                                <p>
                                    No more tedious sample data creation, we've
                                    got it covered.
                                </p>
                            </div>
                            <i class="fa fa-cloud-download"></i>
                        </div>
                        <div class="sell">
                            <div class="v-center">
                                <h3>Real responses</h3>
                                <p>
                                    Develop with real response codes. GET, POST,
                                    PUT &amp; DELETE supported.
                                </p>
                            </div>
                            <i class="fa fa-code"></i>
                        </div>
                        <div class="sell">
                            <div class="v-center">
                                <h3>Always-on</h3>
                                <p>
                                    24/7 <strong><em>free</em></strong> access
                                    in your development phases. Go nuts.
                                </p>
                            </div>
                            <i class="fa fa-toggle-on"></i>
                        </div>
                    </section>
                    <h2 class="tagline">
                        A hosted REST-API ready to respond to your AJAX
                        requests.
                    </h2>
                    <div class="t-center main-arrow">
                        <i class="fa fa-arrow-circle-down"></i>
                    </div>
                    <script
                        async
                        type="text/javascript"
                        src="//cdn.carbonads.com/carbon.js?serve=CE7D6K3E&placement=reqresin"
                        id="_carbonads_js"
                    ></script>
                </div>
            </main>
        </div>
        <div class="container">404</div>
        <footer>
            <div class="wrap">
                <hr class="dark" />
                <p class="t-center">
                    Made for developers and designers by
                    <a href="https://benhowdle.im">Ben Howdle</a>
                </p>
            </div>
        </footer>
        <script type="text/javascript" src="https://cdnjs.cloudflare.com/ajax/libs/fastclick/1.0.3/fastclick.min.js"></script>
        <script src="/js/app.js"></script>
        <!-- Global site tag (gtag.js) - Google Analytics -->
        <script
            async
            src="https://www.googletagmanager.com/gtag/js?id=UA-174008107-1"
        ></script>
        <script>
            window.dataLayer = window.dataLayer || []
            function gtag() {
                dataLayer.push(arguments)
            }
            gtag('js', new Date())

            gtag('config', 'UA-174008107-1')
        </script>
        <script>
            ;(function (i, s, o, g, r, a, m) {
                i['GoogleAnalyticsObject'] = r
                ;(i[r] =
                    i[r] ||
                    function () {
                        ;(i[r].q = i[r].q || []).push(arguments)
                    }),
                    (i[r].l = 1 * new Date())
                ;(a = s.createElement(o)), (m = s.getElementsByTagName(o)[0])
                a.async = 1
                a.src = g
                m.parentNode.insertBefore(a, m)
            })(
                window,
                document,
                'script',
                '//www.google-analytics.com/analytics.js',
                'ga'
            )

            ga('create', 'UA-55888877-1', 'auto')
            ga('send', 'pageview')
        </script>
        <script>
            ;(function () {
                if (typeof _bsa !== 'undefined' && _bsa) {
                    _bsa.init(
                        'custom',
                        'CEBIP53J',
                        'placement:reqresin-sponsor',
                        {
                            target: '#impeccable-js',
                            template: `
        <a href="##link##" rel="sponsored noopener" target="_blank" title="##company## — ##tagline##">
        <img src="##logo##" style="background-color: ##backgroundColor##">
        <div class="sponsor-description">##description##</div>
        <div class="sponsor-cta" style="background-color: ##backgroundColor##; color: ##textColor##">##callToAction##</div>
        </a>
        `,
                        }
                    )
                }
            })()
        </script>
    </body>
</html>

classpath:examples/demo/firstKarate.feature:32
classpath:examples/demo/firstKarate.feature:44
status code was: 404, expected: 200, response time in milliseconds: 959, url: https://reqres.in/dev/api/users?page=2, response: 
<!DOCTYPE html>
<html lang="en">
    <head>
        <!-- Google Tag Manager -->
        <script>
            ;(function (w, d, s, l, i) {
                w[l] = w[l] || []
                w[l].push({
                    'gtm.start': new Date().getTime(),
                    event: 'gtm.js',
                })
                var f = d.getElementsByTagName(s)[0],
                    j = d.createElement(s),
                    dl = l != 'dataLayer' ? '&l=' + l : ''
                j.async = true
                j.src = 'https://www.googletagmanager.com/gtm.js?id=' + i + dl
                f.parentNode.insertBefore(j, f)
            })(window, document, 'script', 'dataLayer', 'GTM-KB622KF')
        </script>
        <!-- End Google Tag Manager -->
        <script src="https://js.stripe.com/v3/"></script>
        <meta charset="utf-8" />
        <meta
            name="viewport"
            content="width=device-width, initial-scale=1.0, maximum-scale=1.0"
        />
        <meta
            name="description"
            content="A hosted REST-API ready to respond to your AJAX requests"
        />
        <title>
            Reqres - A hosted REST-API ready to respond to your AJAX requests
        </title>
        <link
            href="//maxcdn.bootstrapcdn.com/font-awesome/4.2.0/css/font-awesome.min.css"
            rel="stylesheet"
        />

        <link rel="stylesheet" href="/css/app.css" />
        <script
            type="text/javascript"
            src="//m.servedby-buysellads.com/monetization.custom.js"
        ></script>
    </head>
    <body>
        <div class="header-content">
            <header class="main-header">
                <section class="wrap">
                    <h1 class="logo">
                        <a href="/"><img src="/img/logo.png" alt="" /></a>
                    </h1>
                </section>
            </header>
            <main class="the-sell">
                <div class="wrap">
                    <h2 class="tagline">
                        Test your front-end against a real API
                    </h2>
                    <section class="key-sells">
                        <div class="sell">
                            <div class="v-center">
                                <h3>Fake data</h3>
                                <p>
                                    No more tedious sample data creation, we've
                                    got it covered.
                                </p>
                            </div>
                            <i class="fa fa-cloud-download"></i>
                        </div>
                        <div class="sell">
                            <div class="v-center">
                                <h3>Real responses</h3>
                                <p>
                                    Develop with real response codes. GET, POST,
                                    PUT &amp; DELETE supported.
                                </p>
                            </div>
                            <i class="fa fa-code"></i>
                        </div>
                        <div class="sell">
                            <div class="v-center">
                                <h3>Always-on</h3>
                                <p>
                                    24/7 <strong><em>free</em></strong> access
                                    in your development phases. Go nuts.
                                </p>
                            </div>
                            <i class="fa fa-toggle-on"></i>
                        </div>
                    </section>
                    <h2 class="tagline">
                        A hosted REST-API ready to respond to your AJAX
                        requests.
                    </h2>
                    <div class="t-center main-arrow">
                        <i class="fa fa-arrow-circle-down"></i>
                    </div>
                    <script
                        async
                        type="text/javascript"
                        src="//cdn.carbonads.com/carbon.js?serve=CE7D6K3E&placement=reqresin"
                        id="_carbonads_js"
                    ></script>
                </div>
            </main>
        </div>
        <div class="container">404</div>
        <footer>
            <div class="wrap">
                <hr class="dark" />
                <p class="t-center">
                    Made for developers and designers by
                    <a href="https://benhowdle.im">Ben Howdle</a>
                </p>
            </div>
        </footer>
        <script type="text/javascript" src="https://cdnjs.cloudflare.com/ajax/libs/fastclick/1.0.3/fastclick.min.js"></script>
        <script src="/js/app.js"></script>
        <!-- Global site tag (gtag.js) - Google Analytics -->
        <script
            async
            src="https://www.googletagmanager.com/gtag/js?id=UA-174008107-1"
        ></script>
        <script>
            window.dataLayer = window.dataLayer || []
            function gtag() {
                dataLayer.push(arguments)
            }
            gtag('js', new Date())

            gtag('config', 'UA-174008107-1')
        </script>
        <script>
            ;(function (i, s, o, g, r, a, m) {
                i['GoogleAnalyticsObject'] = r
                ;(i[r] =
                    i[r] ||
                    function () {
                        ;(i[r].q = i[r].q || []).push(arguments)
                    }),
                    (i[r].l = 1 * new Date())
                ;(a = s.createElement(o)), (m = s.getElementsByTagName(o)[0])
                a.async = 1
                a.src = g
                m.parentNode.insertBefore(a, m)
            })(
                window,
                document,
                'script',
                '//www.google-analytics.com/analytics.js',
                'ga'
            )

            ga('create', 'UA-55888877-1', 'auto')
            ga('send', 'pageview')
        </script>
        <script>
            ;(function () {
                if (typeof _bsa !== 'undefined' && _bsa) {
                    _bsa.init(
                        'custom',
                        'CEBIP53J',
                        'placement:reqresin-sponsor',
                        {
                            target: '#impeccable-js',
                            template: `
        <a href="##link##" rel="sponsored noopener" target="_blank" title="##company## — ##tagline##">
        <img src="##logo##" style="background-color: ##backgroundColor##">
        <div class="sponsor-description">##description##</div>
        <div class="sponsor-cta" style="background-color: ##backgroundColor##; color: ##textColor##">##callToAction##</div>
        </a>
        `,
                        }
                    )
                }
            })()
        </script>
    </body>
</html>

classpath:examples/demo/firstKarate.feature:32
classpath:examples/demo/firstKarate.feature:60 ==> expected: <0> but was: <3>
	at org.junit.jupiter.api.AssertionFailureBuilder.build(AssertionFailureBuilder.java:151)
	at org.junit.jupiter.api.AssertionFailureBuilder.buildAndThrow(AssertionFailureBuilder.java:132)
	at org.junit.jupiter.api.AssertEquals.failNotEqual(AssertEquals.java:197)
	at org.junit.jupiter.api.AssertEquals.assertEquals(AssertEquals.java:150)
	at org.junit.jupiter.api.Assertions.assertEquals(Assertions.java:560)
	at examples.ExamplesTest.testParallel(ExamplesTest.java:16)
	at java.base/jdk.internal.reflect.NativeMethodAccessorImpl.invoke0(Native Method)
	at java.base/jdk.internal.reflect.NativeMethodAccessorImpl.invoke(NativeMethodAccessorImpl.java:77)
	at java.base/jdk.internal.reflect.DelegatingMethodAccessorImpl.invoke(DelegatingMethodAccessorImpl.java:43)
	at java.base/java.lang.reflect.Method.invoke(Method.java:568)
	at org.junit.platform.commons.util.ReflectionUtils.invokeMethod(ReflectionUtils.java:727)
	at org.junit.jupiter.engine.execution.MethodInvocation.proceed(MethodInvocation.java:60)
	at org.junit.jupiter.engine.execution.InvocationInterceptorChain$ValidatingInvocation.proceed(InvocationInterceptorChain.java:131)
	at org.junit.jupiter.engine.extension.TimeoutExtension.intercept(TimeoutExtension.java:156)
	at org.junit.jupiter.engine.extension.TimeoutExtension.interceptTestableMethod(TimeoutExtension.java:147)
	at org.junit.jupiter.engine.extension.TimeoutExtension.interceptTestMethod(TimeoutExtension.java:86)
	at org.junit.jupiter.engine.execution.InterceptingExecutableInvoker$ReflectiveInterceptorCall.lambda$ofVoidMethod$0(InterceptingExecutableInvoker.java:103)
	at org.junit.jupiter.engine.execution.InterceptingExecutableInvoker.lambda$invoke$0(InterceptingExecutableInvoker.java:93)
	at org.junit.jupiter.engine.execution.InvocationInterceptorChain$InterceptedInvocation.proceed(InvocationInterceptorChain.java:106)
	at org.junit.jupiter.engine.execution.InvocationInterceptorChain.proceed(InvocationInterceptorChain.java:64)
	at org.junit.jupiter.engine.execution.InvocationInterceptorChain.chainAndInvoke(InvocationInterceptorChain.java:45)
	at org.junit.jupiter.engine.execution.InvocationInterceptorChain.invoke(InvocationInterceptorChain.java:37)
	at org.junit.jupiter.engine.execution.InterceptingExecutableInvoker.invoke(InterceptingExecutableInvoker.java:92)
	at org.junit.jupiter.engine.execution.InterceptingExecutableInvoker.invoke(InterceptingExecutableInvoker.java:86)
	at org.junit.jupiter.engine.descriptor.TestMethodTestDescriptor.lambda$invokeTestMethod$7(TestMethodTestDescriptor.java:217)
	at org.junit.platform.engine.support.hierarchical.ThrowableCollector.execute(ThrowableCollector.java:73)
	at org.junit.jupiter.engine.descriptor.TestMethodTestDescriptor.invokeTestMethod(TestMethodTestDescriptor.java:213)
	at org.junit.jupiter.engine.descriptor.TestMethodTestDescriptor.execute(TestMethodTestDescriptor.java:138)
	at org.junit.jupiter.engine.descriptor.TestMethodTestDescriptor.execute(TestMethodTestDescriptor.java:68)
	at org.junit.platform.engine.support.hierarchical.NodeTestTask.lambda$executeRecursively$6(NodeTestTask.java:151)
	at org.junit.platform.engine.support.hierarchical.ThrowableCollector.execute(ThrowableCollector.java:73)
	at org.junit.platform.engine.support.hierarchical.NodeTestTask.lambda$executeRecursively$8(NodeTestTask.java:141)
	at org.junit.platform.engine.support.hierarchical.Node.around(Node.java:137)
	at org.junit.platform.engine.support.hierarchical.NodeTestTask.lambda$executeRecursively$9(NodeTestTask.java:139)
	at org.junit.platform.engine.support.hierarchical.ThrowableCollector.execute(ThrowableCollector.java:73)
	at org.junit.platform.engine.support.hierarchical.NodeTestTask.executeRecursively(NodeTestTask.java:138)
	at org.junit.platform.engine.support.hierarchical.NodeTestTask.execute(NodeTestTask.java:95)
	at java.base/java.util.ArrayList.forEach(ArrayList.java:1511)
	at org.junit.platform.engine.support.hierarchical.SameThreadHierarchicalTestExecutorService.invokeAll(SameThreadHierarchicalTestExecutorService.java:41)
	at org.junit.platform.engine.support.hierarchical.NodeTestTask.lambda$executeRecursively$6(NodeTestTask.java:155)
	at org.junit.platform.engine.support.hierarchical.ThrowableCollector.execute(ThrowableCollector.java:73)
	at org.junit.platform.engine.support.hierarchical.NodeTestTask.lambda$executeRecursively$8(NodeTestTask.java:141)
	at org.junit.platform.engine.support.hierarchical.Node.around(Node.java:137)
	at org.junit.platform.engine.support.hierarchical.NodeTestTask.lambda$executeRecursively$9(NodeTestTask.java:139)
	at org.junit.platform.engine.support.hierarchical.ThrowableCollector.execute(ThrowableCollector.java:73)
	at org.junit.platform.engine.support.hierarchical.NodeTestTask.executeRecursively(NodeTestTask.java:138)
	at org.junit.platform.engine.support.hierarchical.NodeTestTask.execute(NodeTestTask.java:95)
	at java.base/java.util.ArrayList.forEach(ArrayList.java:1511)
	at org.junit.platform.engine.support.hierarchical.SameThreadHierarchicalTestExecutorService.invokeAll(SameThreadHierarchicalTestExecutorService.java:41)
	at org.junit.platform.engine.support.hierarchical.NodeTestTask.lambda$executeRecursively$6(NodeTestTask.java:155)
	at org.junit.platform.engine.support.hierarchical.ThrowableCollector.execute(ThrowableCollector.java:73)
	at org.junit.platform.engine.support.hierarchical.NodeTestTask.lambda$executeRecursively$8(NodeTestTask.java:141)
	at org.junit.platform.engine.support.hierarchical.Node.around(Node.java:137)
	at org.junit.platform.engine.support.hierarchical.NodeTestTask.lambda$executeRecursively$9(NodeTestTask.java:139)
	at org.junit.platform.engine.support.hierarchical.ThrowableCollector.execute(ThrowableCollector.java:73)
	at org.junit.platform.engine.support.hierarchical.NodeTestTask.executeRecursively(NodeTestTask.java:138)
	at org.junit.platform.engine.support.hierarchical.NodeTestTask.execute(NodeTestTask.java:95)
	at org.junit.platform.engine.support.hierarchical.SameThreadHierarchicalTestExecutorService.submit(SameThreadHierarchicalTestExecutorService.java:35)
	at org.junit.platform.engine.support.hierarchical.HierarchicalTestExecutor.execute(HierarchicalTestExecutor.java:57)
	at org.junit.platform.engine.support.hierarchical.HierarchicalTestEngine.execute(HierarchicalTestEngine.java:54)
	at org.junit.platform.launcher.core.EngineExecutionOrchestrator.execute(EngineExecutionOrchestrator.java:147)
	at org.junit.platform.launcher.core.EngineExecutionOrchestrator.execute(EngineExecutionOrchestrator.java:127)
	at org.junit.platform.launcher.core.EngineExecutionOrchestrator.execute(EngineExecutionOrchestrator.java:90)
	at org.junit.platform.launcher.core.EngineExecutionOrchestrator.lambda$execute$0(EngineExecutionOrchestrator.java:55)
	at org.junit.platform.launcher.core.EngineExecutionOrchestrator.withInterceptedStreams(EngineExecutionOrchestrator.java:102)
	at org.junit.platform.launcher.core.EngineExecutionOrchestrator.execute(EngineExecutionOrchestrator.java:54)
	at org.junit.platform.launcher.core.DefaultLauncher.execute(DefaultLauncher.java:114)
	at org.junit.platform.launcher.core.DefaultLauncher.execute(DefaultLauncher.java:86)
	at org.junit.platform.launcher.core.DefaultLauncherSession$DelegatingLauncher.execute(DefaultLauncherSession.java:86)
	at org.apache.maven.surefire.junitplatform.LazyLauncher.execute(LazyLauncher.java:50)
	at org.apache.maven.surefire.junitplatform.JUnitPlatformProvider.execute(JUnitPlatformProvider.java:184)
	at org.apache.maven.surefire.junitplatform.JUnitPlatformProvider.invokeAllTests(JUnitPlatformProvider.java:148)
	at org.apache.maven.surefire.junitplatform.JUnitPlatformProvider.invoke(JUnitPlatformProvider.java:122)
	at org.apache.maven.surefire.booter.ForkedBooter.runSuitesInProcess(ForkedBooter.java:385)
	at org.apache.maven.surefire.booter.ForkedBooter.execute(ForkedBooter.java:162)
	at org.apache.maven.surefire.booter.ForkedBooter.run(ForkedBooter.java:507)
	at org.apache.maven.surefire.booter.ForkedBooter.main(ForkedBooter.java:495)
]]></failure>
    <system-out><![CDATA[18:54:02.194 [main] DEBUG com.intuit.karate.Suite - [config] classpath:karate-config.js
18:54:03.288 [pool-2-thread-2] INFO  com.intuit.karate - karate.env system property was: null 
18:54:03.288 [pool-2-thread-1] INFO  com.intuit.karate - karate.env system property was: null 
18:54:03.288 [pool-2-thread-3] INFO  com.intuit.karate - karate.env system property was: null 
18:54:03.347 [pool-2-thread-3] DEBUG c.intuit.karate.core.ScenarioEngine - over-writing existing variable 'env' with new value: TestData
18:54:03.347 [pool-2-thread-1] DEBUG c.intuit.karate.core.ScenarioEngine - over-writing existing variable 'env' with new value: TestData
18:54:03.347 [pool-2-thread-2] DEBUG c.intuit.karate.core.ScenarioEngine - over-writing existing variable 'env' with new value: TestData
18:54:03.448 [pool-2-thread-3] INFO  c.intuit.karate.core.FeatureRuntime - classpath:examples/demo/firstKarate.feature - call by tag at line 28: getLists
18:54:03.449 [pool-2-thread-1] INFO  c.intuit.karate.core.FeatureRuntime - classpath:examples/demo/firstKarate.feature - call by tag at line 28: getLists
18:54:03.449 [pool-2-thread-2] INFO  c.intuit.karate.core.FeatureRuntime - classpath:examples/demo/firstKarate.feature - call by tag at line 28: getLists
18:54:03.457 [pool-2-thread-3] DEBUG c.intuit.karate.core.ScenarioEngine - over-writing existing variable 'env' with new value: TestData
18:54:03.458 [pool-2-thread-3] DEBUG c.intuit.karate.core.ScenarioEngine - over-writing existing variable 'utility' with new value: Java.type('examples.utility.UtilHelper')
18:54:03.459 [pool-2-thread-1] DEBUG c.intuit.karate.core.ScenarioEngine - over-writing existing variable 'env' with new value: TestData
18:54:03.460 [pool-2-thread-2] DEBUG c.intuit.karate.core.ScenarioEngine - over-writing existing variable 'env' with new value: TestData
18:54:03.460 [pool-2-thread-2] DEBUG c.intuit.karate.core.ScenarioEngine - over-writing existing variable 'utility' with new value: Java.type('examples.utility.UtilHelper')
18:54:03.461 [pool-2-thread-1] DEBUG c.intuit.karate.core.ScenarioEngine - over-writing existing variable 'utility' with new value: Java.type('examples.utility.UtilHelper')
18:54:03.781 [pool-2-thread-3] DEBUG com.intuit.karate - request:
1 > GET https://reqres.in/dev/api/users?page=2
1 > Host: reqres.in
1 > Connection: Keep-Alive
1 > User-Agent: Apache-HttpClient/4.5.14 (Java/17.0.8)
1 > Accept-Encoding: gzip,deflate


18:54:03.781 [pool-2-thread-2] DEBUG com.intuit.karate - request:
1 > GET https://reqres.in/dev/api/users?page=2
1 > Host: reqres.in
1 > Connection: Keep-Alive
1 > User-Agent: Apache-HttpClient/4.5.14 (Java/17.0.8)
1 > Accept-Encoding: gzip,deflate


18:54:03.781 [pool-2-thread-1] DEBUG com.intuit.karate - request:
1 > GET https://reqres.in/dev/api/users?page=2
1 > Host: reqres.in
1 > Connection: Keep-Alive
1 > User-Agent: Apache-HttpClient/4.5.14 (Java/17.0.8)
1 > Accept-Encoding: gzip,deflate


18:54:04.748 [pool-2-thread-3] DEBUG com.intuit.karate - response time in milliseconds: 959
1 < 404
1 < Date: Fri, 09 Aug 2024 13:24:04 GMT
1 < Content-Type: text/html; charset=utf-8
1 < Transfer-Encoding: chunked
1 < Connection: keep-alive
1 < Report-To: {"group":"heroku-nel","max_age":3600,"endpoints":[{"url":"https://nel.heroku.com/reports?ts=1723209844&sid=c4c9725f-1ab0-44d8-820f-430df2718e11&s=wwwopfh%2FBc6i8UEpdN%2Bc7HS921anUoYzXpa%2FdusgdGs%3D"}]}
1 < Reporting-Endpoints: heroku-nel=https://nel.heroku.com/reports?ts=1723209844&sid=c4c9725f-1ab0-44d8-820f-430df2718e11&s=wwwopfh%2FBc6i8UEpdN%2Bc7HS921anUoYzXpa%2FdusgdGs%3D
1 < Nel: {"report_to":"heroku-nel","max_age":3600,"success_fraction":0.005,"failure_fraction":0.05,"response_headers":["Via"]}
1 < X-Powered-By: Express
1 < Access-Control-Allow-Origin: *
1 < Via: 1.1 vegur
1 < CF-Cache-Status: DYNAMIC
1 < Server: cloudflare
1 < CF-RAY: 8b0810762897baa8-DEL
<!DOCTYPE html>
<html lang="en">
    <head>
        <!-- Google Tag Manager -->
        <script>
            ;(function (w, d, s, l, i) {
                w[l] = w[l] || []
                w[l].push({
                    'gtm.start': new Date().getTime(),
                    event: 'gtm.js',
                })
                var f = d.getElementsByTagName(s)[0],
                    j = d.createElement(s),
                    dl = l != 'dataLayer' ? '&l=' + l : ''
                j.async = true
                j.src = 'https://www.googletagmanager.com/gtm.js?id=' + i + dl
                f.parentNode.insertBefore(j, f)
            })(window, document, 'script', 'dataLayer', 'GTM-KB622KF')
        </script>
        <!-- End Google Tag Manager -->
        <script src="https://js.stripe.com/v3/"></script>
        <meta charset="utf-8" />
        <meta
            name="viewport"
            content="width=device-width, initial-scale=1.0, maximum-scale=1.0"
        />
        <meta
            name="description"
            content="A hosted REST-API ready to respond to your AJAX requests"
        />
        <title>
            Reqres - A hosted REST-API ready to respond to your AJAX requests
        </title>
        <link
            href="//maxcdn.bootstrapcdn.com/font-awesome/4.2.0/css/font-awesome.min.css"
            rel="stylesheet"
        />

        <link rel="stylesheet" href="/css/app.css" />
        <script
            type="text/javascript"
            src="//m.servedby-buysellads.com/monetization.custom.js"
        ></script>
    </head>
    <body>
        <div class="header-content">
            <header class="main-header">
                <section class="wrap">
                    <h1 class="logo">
                        <a href="/"><img src="/img/logo.png" alt="" /></a>
                    </h1>
                </section>
            </header>
            <main class="the-sell">
                <div class="wrap">
                    <h2 class="tagline">
                        Test your front-end against a real API
                    </h2>
                    <section class="key-sells">
                        <div class="sell">
                            <div class="v-center">
                                <h3>Fake data</h3>
                                <p>
                                    No more tedious sample data creation, we've
                                    got it covered.
                                </p>
                            </div>
                            <i class="fa fa-cloud-download"></i>
                        </div>
                        <div class="sell">
                            <div class="v-center">
                                <h3>Real responses</h3>
                                <p>
                                    Develop with real response codes. GET, POST,
                                    PUT &amp; DELETE supported.
                                </p>
                            </div>
                            <i class="fa fa-code"></i>
                        </div>
                        <div class="sell">
                            <div class="v-center">
                                <h3>Always-on</h3>
                                <p>
                                    24/7 <strong><em>free</em></strong> access
                                    in your development phases. Go nuts.
                                </p>
                            </div>
                            <i class="fa fa-toggle-on"></i>
                        </div>
                    </section>
                    <h2 class="tagline">
                        A hosted REST-API ready to respond to your AJAX
                        requests.
                    </h2>
                    <div class="t-center main-arrow">
                        <i class="fa fa-arrow-circle-down"></i>
                    </div>
                    <script
                        async
                        type="text/javascript"
                        src="//cdn.carbonads.com/carbon.js?serve=CE7D6K3E&placement=reqresin"
                        id="_carbonads_js"
                    ></script>
                </div>
            </main>
        </div>
        <div class="container">404</div>
        <footer>
            <div class="wrap">
                <hr class="dark" />
                <p class="t-center">
                    Made for developers and designers by
                    <a href="https://benhowdle.im">Ben Howdle</a>
                </p>
            </div>
        </footer>
        <script type="text/javascript" src="https://cdnjs.cloudflare.com/ajax/libs/fastclick/1.0.3/fastclick.min.js"></script>
        <script src="/js/app.js"></script>
        <!-- Global site tag (gtag.js) - Google Analytics -->
        <script
            async
            src="https://www.googletagmanager.com/gtag/js?id=UA-174008107-1"
        ></script>
        <script>
            window.dataLayer = window.dataLayer || []
            function gtag() {
                dataLayer.push(arguments)
            }
            gtag('js', new Date())

            gtag('config', 'UA-174008107-1')
        </script>
        <script>
            ;(function (i, s, o, g, r, a, m) {
                i['GoogleAnalyticsObject'] = r
                ;(i[r] =
                    i[r] ||
                    function () {
                        ;(i[r].q = i[r].q || []).push(arguments)
                    }),
                    (i[r].l = 1 * new Date())
                ;(a = s.createElement(o)), (m = s.getElementsByTagName(o)[0])
                a.async = 1
                a.src = g
                m.parentNode.insertBefore(a, m)
            })(
                window,
                document,
                'script',
                '//www.google-analytics.com/analytics.js',
                'ga'
            )

            ga('create', 'UA-55888877-1', 'auto')
            ga('send', 'pageview')
        </script>
        <script>
            ;(function () {
                if (typeof _bsa !== 'undefined' && _bsa) {
                    _bsa.init(
                        'custom',
                        'CEBIP53J',
                        'placement:reqresin-sponsor',
                        {
                            target: '#impeccable-js',
                            template: `
        <a href="##link##" rel="sponsored noopener" target="_blank" title="##company## — ##tagline##">
        <img src="##logo##" style="background-color: ##backgroundColor##">
        <div class="sponsor-description">##description##</div>
        <div class="sponsor-cta" style="background-color: ##backgroundColor##; color: ##textColor##">##callToAction##</div>
        </a>
        `,
                        }
                    )
                }
            })()
        </script>
    </body>
</html>


18:54:04.748 [pool-2-thread-2] DEBUG com.intuit.karate - response time in milliseconds: 959
1 < 404
1 < Date: Fri, 09 Aug 2024 13:24:04 GMT
1 < Content-Type: text/html; charset=utf-8
1 < Transfer-Encoding: chunked
1 < Connection: keep-alive
1 < Report-To: {"group":"heroku-nel","max_age":3600,"endpoints":[{"url":"https://nel.heroku.com/reports?ts=1723209844&sid=c4c9725f-1ab0-44d8-820f-430df2718e11&s=wwwopfh%2FBc6i8UEpdN%2Bc7HS921anUoYzXpa%2FdusgdGs%3D"}]}
1 < Reporting-Endpoints: heroku-nel=https://nel.heroku.com/reports?ts=1723209844&sid=c4c9725f-1ab0-44d8-820f-430df2718e11&s=wwwopfh%2FBc6i8UEpdN%2Bc7HS921anUoYzXpa%2FdusgdGs%3D
1 < Nel: {"report_to":"heroku-nel","max_age":3600,"success_fraction":0.005,"failure_fraction":0.05,"response_headers":["Via"]}
1 < X-Powered-By: Express
1 < Access-Control-Allow-Origin: *
1 < Via: 1.1 vegur
1 < CF-Cache-Status: DYNAMIC
1 < Server: cloudflare
1 < CF-RAY: 8b0810762f8ba7af-DEL
<!DOCTYPE html>
<html lang="en">
    <head>
        <!-- Google Tag Manager -->
        <script>
            ;(function (w, d, s, l, i) {
                w[l] = w[l] || []
                w[l].push({
                    'gtm.start': new Date().getTime(),
                    event: 'gtm.js',
                })
                var f = d.getElementsByTagName(s)[0],
                    j = d.createElement(s),
                    dl = l != 'dataLayer' ? '&l=' + l : ''
                j.async = true
                j.src = 'https://www.googletagmanager.com/gtm.js?id=' + i + dl
                f.parentNode.insertBefore(j, f)
            })(window, document, 'script', 'dataLayer', 'GTM-KB622KF')
        </script>
        <!-- End Google Tag Manager -->
        <script src="https://js.stripe.com/v3/"></script>
        <meta charset="utf-8" />
        <meta
            name="viewport"
            content="width=device-width, initial-scale=1.0, maximum-scale=1.0"
        />
        <meta
            name="description"
            content="A hosted REST-API ready to respond to your AJAX requests"
        />
        <title>
            Reqres - A hosted REST-API ready to respond to your AJAX requests
        </title>
        <link
            href="//maxcdn.bootstrapcdn.com/font-awesome/4.2.0/css/font-awesome.min.css"
            rel="stylesheet"
        />

        <link rel="stylesheet" href="/css/app.css" />
        <script
            type="text/javascript"
            src="//m.servedby-buysellads.com/monetization.custom.js"
        ></script>
    </head>
    <body>
        <div class="header-content">
            <header class="main-header">
                <section class="wrap">
                    <h1 class="logo">
                        <a href="/"><img src="/img/logo.png" alt="" /></a>
                    </h1>
                </section>
            </header>
            <main class="the-sell">
                <div class="wrap">
                    <h2 class="tagline">
                        Test your front-end against a real API
                    </h2>
                    <section class="key-sells">
                        <div class="sell">
                            <div class="v-center">
                                <h3>Fake data</h3>
                                <p>
                                    No more tedious sample data creation, we've
                                    got it covered.
                                </p>
                            </div>
                            <i class="fa fa-cloud-download"></i>
                        </div>
                        <div class="sell">
                            <div class="v-center">
                                <h3>Real responses</h3>
                                <p>
                                    Develop with real response codes. GET, POST,
                                    PUT &amp; DELETE supported.
                                </p>
                            </div>
                            <i class="fa fa-code"></i>
                        </div>
                        <div class="sell">
                            <div class="v-center">
                                <h3>Always-on</h3>
                                <p>
                                    24/7 <strong><em>free</em></strong> access
                                    in your development phases. Go nuts.
                                </p>
                            </div>
                            <i class="fa fa-toggle-on"></i>
                        </div>
                    </section>
                    <h2 class="tagline">
                        A hosted REST-API ready to respond to your AJAX
                        requests.
                    </h2>
                    <div class="t-center main-arrow">
                        <i class="fa fa-arrow-circle-down"></i>
                    </div>
                    <script
                        async
                        type="text/javascript"
                        src="//cdn.carbonads.com/carbon.js?serve=CE7D6K3E&placement=reqresin"
                        id="_carbonads_js"
                    ></script>
                </div>
            </main>
        </div>
        <div class="container">404</div>
        <footer>
            <div class="wrap">
                <hr class="dark" />
                <p class="t-center">
                    Made for developers and designers by
                    <a href="https://benhowdle.im">Ben Howdle</a>
                </p>
            </div>
        </footer>
        <script type="text/javascript" src="https://cdnjs.cloudflare.com/ajax/libs/fastclick/1.0.3/fastclick.min.js"></script>
        <script src="/js/app.js"></script>
        <!-- Global site tag (gtag.js) - Google Analytics -->
        <script
            async
            src="https://www.googletagmanager.com/gtag/js?id=UA-174008107-1"
        ></script>
        <script>
            window.dataLayer = window.dataLayer || []
            function gtag() {
                dataLayer.push(arguments)
            }
            gtag('js', new Date())

            gtag('config', 'UA-174008107-1')
        </script>
        <script>
            ;(function (i, s, o, g, r, a, m) {
                i['GoogleAnalyticsObject'] = r
                ;(i[r] =
                    i[r] ||
                    function () {
                        ;(i[r].q = i[r].q || []).push(arguments)
                    }),
                    (i[r].l = 1 * new Date())
                ;(a = s.createElement(o)), (m = s.getElementsByTagName(o)[0])
                a.async = 1
                a.src = g
                m.parentNode.insertBefore(a, m)
            })(
                window,
                document,
                'script',
                '//www.google-analytics.com/analytics.js',
                'ga'
            )

            ga('create', 'UA-55888877-1', 'auto')
            ga('send', 'pageview')
        </script>
        <script>
            ;(function () {
                if (typeof _bsa !== 'undefined' && _bsa) {
                    _bsa.init(
                        'custom',
                        'CEBIP53J',
                        'placement:reqresin-sponsor',
                        {
                            target: '#impeccable-js',
                            template: `
        <a href="##link##" rel="sponsored noopener" target="_blank" title="##company## — ##tagline##">
        <img src="##logo##" style="background-color: ##backgroundColor##">
        <div class="sponsor-description">##description##</div>
        <div class="sponsor-cta" style="background-color: ##backgroundColor##; color: ##textColor##">##callToAction##</div>
        </a>
        `,
                        }
                    )
                }
            })()
        </script>
    </body>
</html>


18:54:04.748 [pool-2-thread-1] DEBUG com.intuit.karate - response time in milliseconds: 959
1 < 404
1 < Date: Fri, 09 Aug 2024 13:24:04 GMT
1 < Content-Type: text/html; charset=utf-8
1 < Transfer-Encoding: chunked
1 < Connection: keep-alive
1 < Report-To: {"group":"heroku-nel","max_age":3600,"endpoints":[{"url":"https://nel.heroku.com/reports?ts=1723209844&sid=c4c9725f-1ab0-44d8-820f-430df2718e11&s=wwwopfh%2FBc6i8UEpdN%2Bc7HS921anUoYzXpa%2FdusgdGs%3D"}]}
1 < Reporting-Endpoints: heroku-nel=https://nel.heroku.com/reports?ts=1723209844&sid=c4c9725f-1ab0-44d8-820f-430df2718e11&s=wwwopfh%2FBc6i8UEpdN%2Bc7HS921anUoYzXpa%2FdusgdGs%3D
1 < Nel: {"report_to":"heroku-nel","max_age":3600,"success_fraction":0.005,"failure_fraction":0.05,"response_headers":["Via"]}
1 < X-Powered-By: Express
1 < Access-Control-Allow-Origin: *
1 < Via: 1.1 vegur
1 < CF-Cache-Status: DYNAMIC
1 < Server: cloudflare
1 < CF-RAY: 8b0810762ed3a6da-DEL
<!DOCTYPE html>
<html lang="en">
    <head>
        <!-- Google Tag Manager -->
        <script>
            ;(function (w, d, s, l, i) {
                w[l] = w[l] || []
                w[l].push({
                    'gtm.start': new Date().getTime(),
                    event: 'gtm.js',
                })
                var f = d.getElementsByTagName(s)[0],
                    j = d.createElement(s),
                    dl = l != 'dataLayer' ? '&l=' + l : ''
                j.async = true
                j.src = 'https://www.googletagmanager.com/gtm.js?id=' + i + dl
                f.parentNode.insertBefore(j, f)
            })(window, document, 'script', 'dataLayer', 'GTM-KB622KF')
        </script>
        <!-- End Google Tag Manager -->
        <script src="https://js.stripe.com/v3/"></script>
        <meta charset="utf-8" />
        <meta
            name="viewport"
            content="width=device-width, initial-scale=1.0, maximum-scale=1.0"
        />
        <meta
            name="description"
            content="A hosted REST-API ready to respond to your AJAX requests"
        />
        <title>
            Reqres - A hosted REST-API ready to respond to your AJAX requests
        </title>
        <link
            href="//maxcdn.bootstrapcdn.com/font-awesome/4.2.0/css/font-awesome.min.css"
            rel="stylesheet"
        />

        <link rel="stylesheet" href="/css/app.css" />
        <script
            type="text/javascript"
            src="//m.servedby-buysellads.com/monetization.custom.js"
        ></script>
    </head>
    <body>
        <div class="header-content">
            <header class="main-header">
                <section class="wrap">
                    <h1 class="logo">
                        <a href="/"><img src="/img/logo.png" alt="" /></a>
                    </h1>
                </section>
            </header>
            <main class="the-sell">
[...]
                <section class="wrap">
                    <h1 class="logo">
                        <a href="/"><img src="/img/logo.png" alt="" /></a>
                    </h1>
                </section>
            </header>
            <main class="the-sell">
                <div class="wrap">
                    <h2 class="tagline">
                        Test your front-end against a real API
                    </h2>
                    <section class="key-sells">
                        <div class="sell">
                            <div class="v-center">
                                <h3>Fake data</h3>
                                <p>
                                    No more tedious sample data creation, we've
                                    got it covered.
                                </p>
                            </div>
                            <i class="fa fa-cloud-download"></i>
                        </div>
                        <div class="sell">
                            <div class="v-center">
                                <h3>Real responses</h3>
                                <p>
                                    Develop with real response codes. GET, POST,
                                    PUT &amp; DELETE supported.
                                </p>
                            </div>
                            <i class="fa fa-code"></i>
                        </div>
                        <div class="sell">
                            <div class="v-center">
                                <h3>Always-on</h3>
                                <p>
                                    24/7 <strong><em>free</em></strong> access
                                    in your development phases. Go nuts.
                                </p>
                            </div>
                            <i class="fa fa-toggle-on"></i>
                        </div>
                    </section>
                    <h2 class="tagline">
                        A hosted REST-API ready to respond to your AJAX
                        requests.
                    </h2>
                    <div class="t-center main-arrow">
                        <i class="fa fa-arrow-circle-down"></i>
                    </div>
                    <script
                        async
                        type="text/javascript"
                        src="//cdn.carbonads.com/carbon.js?serve=CE7D6K3E&placement=reqresin"
                        id="_carbonads_js"
                    ></script>
                </div>
            </main>
        </div>
        <div class="container">404</div>
        <footer>
            <div class="wrap">
                <hr class="dark" />
                <p class="t-center">
                    Made for developers and designers by
                    <a href="https://benhowdle.im">Ben Howdle</a>
                </p>
            </div>
        </footer>
        <script type="text/javascript" src="https://cdnjs.cloudflare.com/ajax/libs/fastclick/1.0.3/fastclick.min.js"></script>
        <script src="/js/app.js"></script>
        <!-- Global site tag (gtag.js) - Google Analytics -->
        <script
            async
            src="https://www.googletagmanager.com/gtag/js?id=UA-174008107-1"
        ></script>
        <script>
            window.dataLayer = window.dataLayer || []
            function gtag() {
                dataLayer.push(arguments)
            }
            gtag('js', new Date())

            gtag('config', 'UA-174008107-1')
        </script>
        <script>
            ;(function (i, s, o, g, r, a, m) {
                i['GoogleAnalyticsObject'] = r
                ;(i[r] =
                    i[r] ||
                    function () {
                        ;(i[r].q = i[r].q || []).push(arguments)
                    }),
                    (i[r].l = 1 * new Date())
                ;(a = s.createElement(o)), (m = s.getElementsByTagName(o)[0])
                a.async = 1
                a.src = g
                m.parentNode.insertBefore(a, m)
            })(
                window,
                document,
                'script',
                '//www.google-analytics.com/analytics.js',
                'ga'
            )

            ga('create', 'UA-55888877-1', 'auto')
            ga('send', 'pageview')
        </script>
        <script>
            ;(function () {
                if (typeof _bsa !== 'undefined' && _bsa) {
                    _bsa.init(
                        'custom',
                        'CEBIP53J',
                        'placement:reqresin-sponsor',
                        {
                            target: '#impeccable-js',
                            template: `
        <a href="##link##" rel="sponsored noopener" target="_blank" title="##company## — ##tagline##">
        <img src="##logo##" style="background-color: ##backgroundColor##">
        <div class="sponsor-description">##description##</div>
        <div class="sponsor-cta" style="background-color: ##backgroundColor##; color: ##textColor##">##callToAction##</div>
        </a>
        `,
                        }
                    )
                }
            })()
        </script>
    </body>
</html>

classpath:examples/demo/firstKarate.feature:32
classpath:examples/demo/firstKarate.feature:12
status code was: 404, expected: 200, response time in milliseconds: 959, url: https://reqres.in/dev/api/users?page=2, response: 
<!DOCTYPE html>
<html lang="en">
    <head>
        <!-- Google Tag Manager -->
        <script>
            ;(function (w, d, s, l, i) {
                w[l] = w[l] || []
                w[l].push({
                    'gtm.start': new Date().getTime(),
                    event: 'gtm.js',
                })
                var f = d.getElementsByTagName(s)[0],
                    j = d.createElement(s),
                    dl = l != 'dataLayer' ? '&l=' + l : ''
                j.async = true
                j.src = 'https://www.googletagmanager.com/gtm.js?id=' + i + dl
                f.parentNode.insertBefore(j, f)
            })(window, document, 'script', 'dataLayer', 'GTM-KB622KF')
        </script>
        <!-- End Google Tag Manager -->
        <script src="https://js.stripe.com/v3/"></script>
        <meta charset="utf-8" />
        <meta
            name="viewport"
            content="width=device-width, initial-scale=1.0, maximum-scale=1.0"
        />
        <meta
            name="description"
            content="A hosted REST-API ready to respond to your AJAX requests"
        />
        <title>
            Reqres - A hosted REST-API ready to respond to your AJAX requests
        </title>
        <link
            href="//maxcdn.bootstrapcdn.com/font-awesome/4.2.0/css/font-awesome.min.css"
            rel="stylesheet"
        />

        <link rel="stylesheet" href="/css/app.css" />
        <script
            type="text/javascript"
            src="//m.servedby-buysellads.com/monetization.custom.js"
        ></script>
    </head>
    <body>
        <div class="header-content">
            <header class="main-header">
                <section class="wrap">
                    <h1 class="logo">
                        <a href="/"><img src="/img/logo.png" alt="" /></a>
                    </h1>
                </section>
            </header>
            <main class="the-sell">
                <div class="wrap">
                    <h2 class="tagline">
                        Test your front-end against a real API
                    </h2>
                    <section class="key-sells">
                        <div class="sell">
                            <div class="v-center">
                                <h3>Fake data</h3>
                                <p>
                                    No more tedious sample data creation, we've
                                    got it covered.
                                </p>
                            </div>
                            <i class="fa fa-cloud-download"></i>
                        </div>
                        <div class="sell">
                            <div class="v-center">
                                <h3>Real responses</h3>
                                <p>
                                    Develop with real response codes. GET, POST,
                                    PUT &amp; DELETE supported.
                                </p>
                            </div>
                            <i class="fa fa-code"></i>
                        </div>
                        <div class="sell">
                            <div class="v-center">
                                <h3>Always-on</h3>
                                <p>
                                    24/7 <strong><em>free</em></strong> access
                                    in your development phases. Go nuts.
                                </p>
                            </div>
                            <i class="fa fa-toggle-on"></i>
                        </div>
                    </section>
                    <h2 class="tagline">
                        A hosted REST-API ready to respond to your AJAX
                        requests.
                    </h2>
                    <div class="t-center main-arrow">
                        <i class="fa fa-arrow-circle-down"></i>
                    </div>
                    <script
                        async
                        type="text/javascript"
                        src="//cdn.carbonads.com/carbon.js?serve=CE7D6K3E&placement=reqresin"
                        id="_carbonads_js"
                    ></script>
                </div>
            </main>
        </div>
        <div class="container">404</div>
        <footer>
            <div class="wrap">
                <hr class="dark" />
                <p class="t-center">
                    Made for developers and designers by
                    <a href="https://benhowdle.im">Ben Howdle</a>
                </p>
            </div>
        </footer>
        <script type="text/javascript" src="https://cdnjs.cloudflare.com/ajax/libs/fastclick/1.0.3/fastclick.min.js"></script>
        <script src="/js/app.js"></script>
        <!-- Global site tag (gtag.js) - Google Analytics -->
        <script
            async
            src="https://www.googletagmanager.com/gtag/js?id=UA-174008107-1"
        ></script>
        <script>
            window.dataLayer = window.dataLayer || []
            function gtag() {
                dataLayer.push(arguments)
            }
            gtag('js', new Date())

            gtag('config', 'UA-174008107-1')
        </script>
        <script>
            ;(function (i, s, o, g, r, a, m) {
                i['GoogleAnalyticsObject'] = r
                ;(i[r] =
                    i[r] ||
                    function () {
                        ;(i[r].q = i[r].q || []).push(arguments)
                    }),
                    (i[r].l = 1 * new Date())
                ;(a = s.createElement(o)), (m = s.getElementsByTagName(o)[0])
                a.async = 1
                a.src = g
                m.parentNode.insertBefore(a, m)
            })(
                window,
                document,
                'script',
                '//www.google-analytics.com/analytics.js',
                'ga'
            )

            ga('create', 'UA-55888877-1', 'auto')
            ga('send', 'pageview')
        </script>
        <script>
            ;(function () {
                if (typeof _bsa !== 'undefined' && _bsa) {
                    _bsa.init(
                        'custom',
                        'CEBIP53J',
                        'placement:reqresin-sponsor',
                        {
                            target: '#impeccable-js',
                            template: `
        <a href="##link##" rel="sponsored noopener" target="_blank" title="##company## — ##tagline##">
        <img src="##logo##" style="background-color: ##backgroundColor##">
        <div class="sponsor-description">##description##</div>
        <div class="sponsor-cta" style="background-color: ##backgroundColor##; color: ##textColor##">##callToAction##</div>
        </a>
        `,
                        }
                    )
                }
            })()
        </script>
    </body>
</html>

classpath:examples/demo/firstKarate.feature:32
classpath:examples/demo/firstKarate.feature:44
status code was: 404, expected: 200, response time in milliseconds: 959, url: https://reqres.in/dev/api/users?page=2, response: 
<!DOCTYPE html>
<html lang="en">
    <head>
        <!-- Google Tag Manager -->
        <script>
            ;(function (w, d, s, l, i) {
                w[l] = w[l] || []
                w[l].push({
                    'gtm.start': new Date().getTime(),
                    event: 'gtm.js',
                })
                var f = d.getElementsByTagName(s)[0],
                    j = d.createElement(s),
                    dl = l != 'dataLayer' ? '&l=' + l : ''
                j.async = true
                j.src = 'https://www.googletagmanager.com/gtm.js?id=' + i + dl
                f.parentNode.insertBefore(j, f)
            })(window, document, 'script', 'dataLayer', 'GTM-KB622KF')
        </script>
        <!-- End Google Tag Manager -->
        <script src="https://js.stripe.com/v3/"></script>
        <meta charset="utf-8" />
        <meta
            name="viewport"
            content="width=device-width, initial-scale=1.0, maximum-scale=1.0"
        />
        <meta
            name="description"
            content="A hosted REST-API ready to respond to your AJAX requests"
        />
        <title>
            Reqres - A hosted REST-API ready to respond to your AJAX requests
        </title>
        <link
            href="//maxcdn.bootstrapcdn.com/font-awesome/4.2.0/css/font-awesome.min.css"
            rel="stylesheet"
        />

        <link rel="stylesheet" href="/css/app.css" />
        <script
            type="text/javascript"
            src="//m.servedby-buysellads.com/monetization.custom.js"
        ></script>
    </head>
    <body>
        <div class="header-content">
            <header class="main-header">
                <section class="wrap">
                    <h1 class="logo">
                        <a href="/"><img src="/img/logo.png" alt="" /></a>
                    </h1>
                </section>
            </header>
            <main class="the-sell">
                <div class="wrap">
                    <h2 class="tagline">
                        Test your front-end against a real API
                    </h2>
                    <section class="key-sells">
                        <div class="sell">
                            <div class="v-center">
                                <h3>Fake data</h3>
                                <p>
                                    No more tedious sample data creation, we've
                                    got it covered.
                                </p>
                            </div>
                            <i class="fa fa-cloud-download"></i>
                        </div>
                        <div class="sell">
                            <div class="v-center">
                                <h3>Real responses</h3>
                                <p>
                                    Develop with real response codes. GET, POST,
                                    PUT &amp; DELETE supported.
                                </p>
                            </div>
                            <i class="fa fa-code"></i>
                        </div>
                        <div class="sell">
                            <div class="v-center">
                                <h3>Always-on</h3>
                                <p>
                                    24/7 <strong><em>free</em></strong> access
                                    in your development phases. Go nuts.
                                </p>
                            </div>
                            <i class="fa fa-toggle-on"></i>
                        </div>
                    </section>
                    <h2 class="tagline">
                        A hosted REST-API ready to respond to your AJAX
                        requests.
                    </h2>
                    <div class="t-center main-arrow">
                        <i class="fa fa-arrow-circle-down"></i>
                    </div>
                    <script
                        async
                        type="text/javascript"
                        src="//cdn.carbonads.com/carbon.js?serve=CE7D6K3E&placement=reqresin"
                        id="_carbonads_js"
                    ></script>
                </div>
            </main>
        </div>
        <div class="container">404</div>
        <footer>
            <div class="wrap">
                <hr class="dark" />
                <p class="t-center">
                    Made for developers and designers by
                    <a href="https://benhowdle.im">Ben Howdle</a>
                </p>
            </div>
        </footer>
        <script type="text/javascript" src="https://cdnjs.cloudflare.com/ajax/libs/fastclick/1.0.3/fastclick.min.js"></script>
        <script src="/js/app.js"></script>
        <!-- Global site tag (gtag.js) - Google Analytics -->
        <script
            async
            src="https://www.googletagmanager.com/gtag/js?id=UA-174008107-1"
        ></script>
        <script>
            window.dataLayer = window.dataLayer || []
            function gtag() {
                dataLayer.push(arguments)
            }
            gtag('js', new Date())

            gtag('config', 'UA-174008107-1')
        </script>
        <script>
            ;(function (i, s, o, g, r, a, m) {
                i['GoogleAnalyticsObject'] = r
                ;(i[r] =
                    i[r] ||
                    function () {
                        ;(i[r].q = i[r].q || []).push(arguments)
                    }),
                    (i[r].l = 1 * new Date())
                ;(a = s.createElement(o)), (m = s.getElementsByTagName(o)[0])
                a.async = 1
                a.src = g
                m.parentNode.insertBefore(a, m)
            })(
                window,
                document,
                'script',
                '//www.google-analytics.com/analytics.js',
                'ga'
            )

            ga('create', 'UA-55888877-1', 'auto')
            ga('send', 'pageview')
        </script>
        <script>
            ;(function () {
                if (typeof _bsa !== 'undefined' && _bsa) {
                    _bsa.init(
                        'custom',
                        'CEBIP53J',
                        'placement:reqresin-sponsor',
                        {
                            target: '#impeccable-js',
                            template: `
        <a href="##link##" rel="sponsored noopener" target="_blank" title="##company## — ##tagline##">
        <img src="##logo##" style="background-color: ##backgroundColor##">
        <div class="sponsor-description">##description##</div>
        <div class="sponsor-cta" style="background-color: ##backgroundColor##; color: ##textColor##">##callToAction##</div>
        </a>
        `,
                        }
                    )
                }
            })()
        </script>
    </body>
</html>

classpath:examples/demo/firstKarate.feature:32
classpath:examples/demo/firstKarate.feature:60
<<<

HTML report: (paste into browser to view) | Karate version: 1.4.1
file:///C:/Users/praverma12/VS%20Code%20Projects/KarateTraining/myproject/target/karate-reports/karate-summary.html
===================================================================

]]></system-out>
  </testcase>
</testsuite>